<?xml version="1.0" encoding="UTF-8"?>
<!-- Generated by org.testng.reporters.JUnitXMLReporter -->
<testsuite hostname="anilkumar06" name="Default test" tests="3" failures="0" timestamp="19 Sep 2019 06:30:04 GMT" time="0.036" errors="0">
  <testcase name="testdata" time="0.0" classname="parameterization.parallelTests">
    <skipped/>
  </testcase> <!-- testdata -->
  <testcase name="testdata" time="0.0" classname="parameterization.parallelTests">
    <skipped/>
  </testcase> <!-- testdata -->
  <testcase name="testdata" time="0.0" classname="parameterization.parallelTests">
    <skipped/>
  </testcase> <!-- testdata -->
</testsuite> <!-- Default test -->
